Arguments: 
  /home/dell/.n/bin/node /home/dell/.yarn/bin/yarn.js

PATH: 
  /home/dell/.yarn/bin:/home/dell/.config/yarn/global/node_modules/.bin:/home/dell/.n/bin:/home/dell/.npm-global/bin:/home/dell/.local/bin:/usr/local/bin:/usr/bin:/bin:/usr/local/sbin:/opt/android-sdk/platform-tools:/usr/lib/jvm/default/bin:/usr/bin/site_perl:/usr/bin/vendor_perl:/usr/bin/core_perl:/home/dell/Android/Sdk/emulator:/home/dell/Android/Sdk/tools:/home/dell/Android/Sdk/tools/bin:/home/dell/Android/Sdk/platform-tools

Yarn version: 
  1.22.19

Node version: 
  16.15.1

Platform: 
  linux x64

Trace: 
  Error: getaddrinfo EAI_AGAIN registry.yarnpkg.com
      at GetAddrInfoReqWrap.onlookup [as oncomplete] (node:dns:71:26)

npm manifest: 
  {
    "name": "nodejs-express-template",
    "version": "1.0.0",
    "description": "Scalable and basic template for making Node.js apps by using express",
    "main": "index.js",
    "scripts": {
      "dev": "nodemon index.js",
      "lint": "eslint .",
      "lint:fix": "eslint . --fix",
      "format": "prettier-eslint \"$PWD/{,!(node_modules)/**/}*.{js,json}\"",
      "format:fix": "prettier-eslint --write \"$PWD/{,!(node_modules)/**/}*.{js,json}\"",
      "test": "echo \"Error: no test specified\" && exit 1"
    },
    "lint-staged": {
      "*.js": [
        "npm run lint:fix",
        "git add"
      ]
    },
    "husky": {
      "hooks": {
        "pre-commit": "lint-staged"
      }
    },
    "author": "",
    "license": "ISC",
    "dependencies": {
      "@hapi/joi": "^17.1.1",
      "bcrypt": "^5.0.0",
      "body-parser": "^1.19.0",
      "dotenv": "^8.2.0",
      "express": "^4.17.1",
      "express-ip": "^1.0.4",
      "jsonwebtoken": "^8.5.1",
      "mongoose": "^5.9.15",
      "@types/node": "^17.0.42"
    },
    "devDependencies": {
      "eslint": "^6.8.0",
      "eslint-config-airbnb-base": "^14.1.0",
      "eslint-config-prettier": "^6.11.0",
      "eslint-plugin-import": "^2.20.2",
      "eslint-plugin-prettier": "^3.1.3",
      "husky": "^4.2.5",
      "lint-staged": "^10.2.9",
      "prettier": "^2.0.5",
      "prettier-eslint-cli": "^5.0.0",
      "ts-node": "^10.8.1",
      "typescript": "^4.7.3"
    }
  }

yarn manifest: 
  No manifest

Lockfile: 
  No lockfile
